2021-12-16 08:46:49 INFO::Writing function arguments to log file
2021-12-16 08:46:49 DEBUG::Function arguments
2021-12-16 08:46:49 DEBUG::Output folder: Results/Maaslin2_LM/asv/Bin_2/collection_season2
2021-12-16 08:46:49 DEBUG::Min Abundance: 0.000000
2021-12-16 08:46:49 DEBUG::Min Prevalence: 0.100000
2021-12-16 08:46:49 DEBUG::Normalization: TSS
2021-12-16 08:46:49 DEBUG::Transform: LOG
2021-12-16 08:46:49 DEBUG::Analysis method: LM
2021-12-16 08:46:49 DEBUG::Max significance: 0.250000
2021-12-16 08:46:49 DEBUG::Random effects: short_PID
2021-12-16 08:46:49 DEBUG::Fixed effects: age_days_numeric,collection_season2
2021-12-16 08:46:49 DEBUG::Correction method: BH
2021-12-16 08:46:49 DEBUG::Standardize: TRUE
2021-12-16 08:46:49 DEBUG::Cores: 1
2021-12-16 08:46:49 INFO::Verifying options selected are valid
2021-12-16 08:46:49 INFO::Determining format of input files
2021-12-16 08:46:49 INFO::Input format is data samples as rows and metadata samples as rows
2021-12-16 08:46:49 DEBUG::A total of 255 samples were found in both the data and metadata
2021-12-16 08:46:49 DEBUG::Reordering data/metadata to use same sample ordering
2021-12-16 08:46:49 INFO::Formula for random effects: expr ~ (1 | short_PID)
2021-12-16 08:46:49 INFO::Formula for fixed effects: expr ~  age_days_numeric + collection_season2
2021-12-16 08:46:49 INFO::Filter data based on min abundance and min prevalence
2021-12-16 08:46:49 INFO::Total samples in data: 255
2021-12-16 08:46:49 INFO::Min samples required with min abundance for a feature not to be filtered: 25.500000
2021-12-16 08:46:49 INFO::Total filtered features: 0
2021-12-16 08:46:49 INFO::Filtered feature names from abundance and prevalence filtering:
2021-12-16 08:46:49 INFO::Total filtered features with variance filtering: 0
2021-12-16 08:46:49 INFO::Filtered feature names from variance filtering:
2021-12-16 08:46:49 INFO::Running selected normalization method: TSS
2021-12-16 08:46:49 INFO::Applying z-score to standardize continuous metadata
2021-12-16 08:46:49 INFO::Running selected transform method: LOG
2021-12-16 08:46:49 INFO::Running selected analysis method: LM
2021-12-16 08:46:49 INFO::Fitting model to feature number 1, ASV_34_Corynebacterium_nan
2021-12-16 08:46:49 INFO::Fitting model to feature number 2, ASV_4_Corynebacterium_nan
2021-12-16 08:46:49 INFO::Fitting model to feature number 3, ASV_8_Corynebacterium_nan
2021-12-16 08:46:49 INFO::Fitting model to feature number 4, ASV_40_Porphyromonas_nan
2021-12-16 08:46:49 INFO::Fitting model to feature number 5, ASV_58_Porphyromonas_nan
2021-12-16 08:46:50 INFO::Fitting model to feature number 6, ASV_33_Alloprevotella_nan
2021-12-16 08:46:50 INFO::Fitting model to feature number 7, ASV_63_ASV_63_nan
2021-12-16 08:46:50 INFO::Fitting model to feature number 8, ASV_6_Dolosigranulum_pigrum
2021-12-16 08:46:50 INFO::Fitting model to feature number 9, ASV_10_Streptococcus_nan
2021-12-16 08:46:50 INFO::Fitting model to feature number 10, ASV_24_Streptococcus_nan
2021-12-16 08:46:50 INFO::Fitting model to feature number 11, ASV_7_Streptococcus_nan
2021-12-16 08:46:50 INFO::Fitting model to feature number 12, ASV_39_Gemella_nan
2021-12-16 08:46:50 INFO::Fitting model to feature number 13, ASV_5_Staphylococcus_nan
2021-12-16 08:46:50 INFO::Fitting model to feature number 14, ASV_35_ASV_35_nan
2021-12-16 08:46:50 INFO::Fitting model to feature number 15, ASV_49_Streptobacillus_nan
2021-12-16 08:46:50 INFO::Fitting model to feature number 16, ASV_13_Neisseria_nan
2021-12-16 08:46:50 INFO::Fitting model to feature number 17, ASV_20_Neisseria_nan
2021-12-16 08:46:50 INFO::Fitting model to feature number 18, ASV_22_ASV_22_nan
2021-12-16 08:46:50 INFO::Fitting model to feature number 19, ASV_2_Haemophilus_nan
2021-12-16 08:46:50 INFO::Fitting model to feature number 20, ASV_3_Haemophilus_nan
2021-12-16 08:46:51 INFO::Fitting model to feature number 21, ASV_1_Moraxella_nan
2021-12-16 08:46:51 INFO::Fitting model to feature number 22, ASV_11_Moraxella_lincolnii
2021-12-16 08:46:51 INFO::Counting total values for each feature
2021-12-16 08:46:51 WARNING::Deleting existing residuals file: Results/Maaslin2_LM/asv/Bin_2/collection_season2/residuals.rds
2021-12-16 08:46:51 INFO::Writing residuals to file Results/Maaslin2_LM/asv/Bin_2/collection_season2/residuals.rds
2021-12-16 08:46:51 WARNING::Deleting existing fitted file: Results/Maaslin2_LM/asv/Bin_2/collection_season2/fitted.rds
2021-12-16 08:46:51 INFO::Writing fitted values to file Results/Maaslin2_LM/asv/Bin_2/collection_season2/fitted.rds
2021-12-16 08:46:51 WARNING::Deleting existing ranef file: Results/Maaslin2_LM/asv/Bin_2/collection_season2/ranef.rds
2021-12-16 08:46:51 INFO::Writing extracted random effects to file Results/Maaslin2_LM/asv/Bin_2/collection_season2/ranef.rds
2021-12-16 08:46:51 INFO::Writing all results to file (ordered by increasing q-values): Results/Maaslin2_LM/asv/Bin_2/collection_season2/all_results.tsv
2021-12-16 08:46:51 INFO::Writing the significant results (those which are less than or equal to the threshold of 0.250000 ) to file (ordered by increasing q-values): Results/Maaslin2_LM/asv/Bin_2/collection_season2/significant_results.tsv
2021-12-16 08:46:51 INFO::Writing heatmap of significant results to file: Results/Maaslin2_LM/asv/Bin_2/collection_season2/heatmap.pdf
2021-12-16 08:46:51 INFO::Writing association plots (one for each significant association) to output folder: Results/Maaslin2_LM/asv/Bin_2/collection_season2
2021-12-16 08:46:51 INFO::Plotting associations from most to least significant, grouped by metadata
2021-12-16 08:46:51 INFO::Plotting data for metadata number 1, age_days_numeric
2021-12-16 08:46:51 INFO::Creating scatter plot for continuous data, age_days_numeric vs ASV_8_Corynebacterium_nan
2021-12-16 08:46:51 DEBUG::`geom_smooth()` using formula 'y ~ x'
2021-12-16 08:46:51 INFO::Creating scatter plot for continuous data, age_days_numeric vs ASV_5_Staphylococcus_nan
2021-12-16 08:46:51 DEBUG::`geom_smooth()` using formula 'y ~ x'
2021-12-16 08:46:51 INFO::Creating scatter plot for continuous data, age_days_numeric vs ASV_49_Streptobacillus_nan
2021-12-16 08:46:51 DEBUG::`geom_smooth()` using formula 'y ~ x'
2021-12-16 08:46:51 INFO::Creating scatter plot for continuous data, age_days_numeric vs ASV_63_ASV_63_nan
2021-12-16 08:46:51 DEBUG::`geom_smooth()` using formula 'y ~ x'
2021-12-16 08:46:51 INFO::Creating scatter plot for continuous data, age_days_numeric vs ASV_1_Moraxella_nan
2021-12-16 08:46:51 DEBUG::`geom_smooth()` using formula 'y ~ x'
2021-12-16 08:46:51 INFO::Creating scatter plot for continuous data, age_days_numeric vs ASV_13_Neisseria_nan
2021-12-16 08:46:52 DEBUG::`geom_smooth()` using formula 'y ~ x'
2021-12-16 08:46:52 INFO::Creating scatter plot for continuous data, age_days_numeric vs ASV_39_Gemella_nan
2021-12-16 08:46:52 DEBUG::`geom_smooth()` using formula 'y ~ x'
2021-12-16 08:46:52 INFO::Creating scatter plot for continuous data, age_days_numeric vs ASV_33_Alloprevotella_nan
2021-12-16 08:46:52 DEBUG::`geom_smooth()` using formula 'y ~ x'
2021-12-16 08:46:52 INFO::Creating scatter plot for continuous data, age_days_numeric vs ASV_22_ASV_22_nan
2021-12-16 08:46:52 DEBUG::`geom_smooth()` using formula 'y ~ x'
2021-12-16 08:46:52 INFO::Creating scatter plot for continuous data, age_days_numeric vs ASV_20_Neisseria_nan
2021-12-16 08:46:52 DEBUG::`geom_smooth()` using formula 'y ~ x'
2021-12-16 08:46:52 INFO::Creating scatter plot for continuous data, age_days_numeric vs ASV_34_Corynebacterium_nan
2021-12-16 08:46:52 DEBUG::`geom_smooth()` using formula 'y ~ x'
2021-12-16 08:46:54 INFO::Plotting data for metadata number 2, collection_season2
2021-12-16 08:46:54 INFO::Creating boxplot for categorical data, collection_season2 vs ASV_2_Haemophilus_nan
2021-12-16 08:46:54 INFO::Creating boxplot for categorical data, collection_season2 vs ASV_4_Corynebacterium_nan
2021-12-16 08:46:54 INFO::Creating boxplot for categorical data, collection_season2 vs ASV_3_Haemophilus_nan
2021-12-16 08:46:54 INFO::Creating boxplot for categorical data, collection_season2 vs ASV_10_Streptococcus_nan
2021-12-16 08:46:54 INFO::Creating boxplot for categorical data, collection_season2 vs ASV_11_Moraxella_lincolnii
2021-12-16 08:46:55 INFO::Creating boxplot for categorical data, collection_season2 vs ASV_2_Haemophilus_nan
2021-12-16 08:46:55 INFO::Creating boxplot for categorical data, collection_season2 vs ASV_11_Moraxella_lincolnii
2021-12-16 08:46:55 INFO::Creating boxplot for categorical data, collection_season2 vs ASV_11_Moraxella_lincolnii
2021-12-16 08:46:55 INFO::Creating boxplot for categorical data, collection_season2 vs ASV_35_ASV_35_nan
2021-12-16 08:46:55 INFO::Creating boxplot for categorical data, collection_season2 vs ASV_39_Gemella_nan
2021-12-16 08:46:55 INFO::Creating boxplot for categorical data, collection_season2 vs ASV_49_Streptobacillus_nan
2021-12-16 08:46:55 INFO::Creating boxplot for categorical data, collection_season2 vs ASV_33_Alloprevotella_nan
2021-12-16 08:46:56 INFO::Creating boxplot for categorical data, collection_season2 vs ASV_13_Neisseria_nan
2021-12-16 08:46:56 INFO::Creating boxplot for categorical data, collection_season2 vs ASV_20_Neisseria_nan
