2022-12-11 05:49:42 INFO::Writing function arguments to log file
2022-12-11 05:49:42 DEBUG::Function arguments
2022-12-11 05:49:42 DEBUG::Output folder: Results/Maaslin2_revised/genus/Bin_1/timepoint_month
2022-12-11 05:49:42 DEBUG::Min Abundance: 0.000000
2022-12-11 05:49:42 DEBUG::Min Prevalence: 0.100000
2022-12-11 05:49:42 DEBUG::Normalization: CLR
2022-12-11 05:49:42 DEBUG::Transform: NONE
2022-12-11 05:49:42 DEBUG::Analysis method: LM
2022-12-11 05:49:42 DEBUG::Max significance: 0.250000
2022-12-11 05:49:42 DEBUG::Random effects: short_PID
2022-12-11 05:49:42 DEBUG::Fixed effects: age_days_numeric,collection_season2,timepoint_month
2022-12-11 05:49:42 DEBUG::Correction method: BH
2022-12-11 05:49:42 DEBUG::Standardize: TRUE
2022-12-11 05:49:42 DEBUG::Cores: 1
2022-12-11 05:49:42 INFO::Verifying options selected are valid
2022-12-11 05:49:42 INFO::Determining format of input files
2022-12-11 05:49:42 INFO::Input format is data samples as rows and metadata samples as rows
2022-12-11 05:49:42 DEBUG::A total of 210 samples were found in both the data and metadata
2022-12-11 05:49:42 DEBUG::Reordering data/metadata to use same sample ordering
2022-12-11 05:49:42 INFO::Formula for random effects: expr ~ (1 | short_PID)
2022-12-11 05:49:42 INFO::Formula for fixed effects: expr ~  age_days_numeric + collection_season2 + timepoint_month
2022-12-11 05:49:42 INFO::Filter data based on min abundance and min prevalence
2022-12-11 05:49:42 INFO::Total samples in data: 210
2022-12-11 05:49:42 INFO::Min samples required with min abundance for a feature not to be filtered: 21.000000
2022-12-11 05:49:42 INFO::Total filtered features: 0
2022-12-11 05:49:42 INFO::Filtered feature names from abundance and prevalence filtering:
2022-12-11 05:49:42 INFO::Total filtered features with variance filtering: 0
2022-12-11 05:49:42 INFO::Filtered feature names from variance filtering:
2022-12-11 05:49:42 INFO::Running selected normalization method: CLR
2022-12-11 05:49:42 INFO::Applying z-score to standardize continuous metadata
2022-12-11 05:49:42 INFO::Running selected transform method: NONE
2022-12-11 05:49:42 INFO::Running selected analysis method: LM
2022-12-11 05:49:44 INFO::Fitting model to feature number 1, Corynebacterium
2022-12-11 05:49:44 INFO::Fitting model to feature number 2, Porphyromonas
2022-12-11 05:49:44 INFO::Fitting model to feature number 3, ASV_63
2022-12-11 05:49:44 INFO::Fitting model to feature number 4, Alloprevotella
2022-12-11 05:49:44 INFO::Fitting model to feature number 5, Prevotella
2022-12-11 05:49:44 INFO::Fitting model to feature number 6, Campylobacter
2022-12-11 05:49:44 INFO::Fitting model to feature number 7, Dolosigranulum
2022-12-11 05:49:44 INFO::Fitting model to feature number 8, Streptococcus
2022-12-11 05:49:44 INFO::Fitting model to feature number 9, Gemella
2022-12-11 05:49:44 INFO::Fitting model to feature number 10, Staphylococcus
2022-12-11 05:49:44 INFO::Fitting model to feature number 11, ASV_35
2022-12-11 05:49:44 INFO::Fitting model to feature number 12, Veillonella
2022-12-11 05:49:45 INFO::Fitting model to feature number 13, Fusobacterium
2022-12-11 05:49:45 INFO::Fitting model to feature number 14, Streptobacillus
2022-12-11 05:49:45 INFO::Fitting model to feature number 15, ASV_22
2022-12-11 05:49:45 INFO::Fitting model to feature number 16, Neisseria
2022-12-11 05:49:45 INFO::Fitting model to feature number 17, Klebsiella
2022-12-11 05:49:45 INFO::Fitting model to feature number 18, Haemophilus
2022-12-11 05:49:45 INFO::Fitting model to feature number 19, Acinetobacter
2022-12-11 05:49:45 INFO::Fitting model to feature number 20, Moraxella
2022-12-11 05:49:45 INFO::Counting total values for each feature
2022-12-11 05:49:45 INFO::Writing residuals to file Results/Maaslin2_revised/genus/Bin_1/timepoint_month/residuals.rds
2022-12-11 05:49:45 INFO::Writing fitted values to file Results/Maaslin2_revised/genus/Bin_1/timepoint_month/fitted.rds
2022-12-11 05:49:45 INFO::Writing extracted random effects to file Results/Maaslin2_revised/genus/Bin_1/timepoint_month/ranef.rds
2022-12-11 05:49:45 INFO::Writing all results to file (ordered by increasing q-values): Results/Maaslin2_revised/genus/Bin_1/timepoint_month/all_results.tsv
2022-12-11 05:49:45 INFO::Writing the significant results (those which are less than or equal to the threshold of 0.250000 ) to file (ordered by increasing q-values): Results/Maaslin2_revised/genus/Bin_1/timepoint_month/significant_results.tsv
2022-12-11 05:49:45 INFO::Writing heatmap of significant results to file: Results/Maaslin2_revised/genus/Bin_1/timepoint_month/heatmap.pdf
2022-12-11 05:49:45 INFO::Writing association plots (one for each significant association) to output folder: Results/Maaslin2_revised/genus/Bin_1/timepoint_month
2022-12-11 05:49:45 INFO::Plotting associations from most to least significant, grouped by metadata
2022-12-11 05:49:45 INFO::Plotting data for metadata number 1, collection_season2
2022-12-11 05:49:45 INFO::Creating boxplot for categorical data, collection_season2 vs Staphylococcus
2022-12-11 05:49:45 INFO::Creating boxplot for categorical data, collection_season2 vs Staphylococcus
