2021-12-16 08:42:06 INFO::Writing function arguments to log file
2021-12-16 08:42:06 DEBUG::Function arguments
2021-12-16 08:42:06 DEBUG::Output folder: Results/Maaslin2_LM/genus/Bin_1/HIV
2021-12-16 08:42:06 DEBUG::Min Abundance: 0.000000
2021-12-16 08:42:06 DEBUG::Min Prevalence: 0.100000
2021-12-16 08:42:06 DEBUG::Normalization: TSS
2021-12-16 08:42:06 DEBUG::Transform: LOG
2021-12-16 08:42:06 DEBUG::Analysis method: LM
2021-12-16 08:42:06 DEBUG::Max significance: 0.250000
2021-12-16 08:42:06 DEBUG::Random effects: short_PID
2021-12-16 08:42:06 DEBUG::Fixed effects: age_days_numeric,collection_season2,HIV
2021-12-16 08:42:06 DEBUG::Correction method: BH
2021-12-16 08:42:06 DEBUG::Standardize: TRUE
2021-12-16 08:42:06 DEBUG::Cores: 1
2021-12-16 08:42:06 INFO::Verifying options selected are valid
2021-12-16 08:42:06 INFO::Determining format of input files
2021-12-16 08:42:06 INFO::Input format is data samples as rows and metadata samples as rows
2021-12-16 08:42:06 DEBUG::A total of 210 samples were found in both the data and metadata
2021-12-16 08:42:06 DEBUG::Reordering data/metadata to use same sample ordering
2021-12-16 08:42:06 INFO::Formula for random effects: expr ~ (1 | short_PID)
2021-12-16 08:42:06 INFO::Formula for fixed effects: expr ~  age_days_numeric + collection_season2 + HIV
2021-12-16 08:42:06 INFO::Filter data based on min abundance and min prevalence
2021-12-16 08:42:06 INFO::Total samples in data: 210
2021-12-16 08:42:06 INFO::Min samples required with min abundance for a feature not to be filtered: 21.000000
2021-12-16 08:42:06 INFO::Total filtered features: 0
2021-12-16 08:42:06 INFO::Filtered feature names from abundance and prevalence filtering:
2021-12-16 08:42:06 INFO::Total filtered features with variance filtering: 0
2021-12-16 08:42:06 INFO::Filtered feature names from variance filtering:
2021-12-16 08:42:06 INFO::Running selected normalization method: TSS
2021-12-16 08:42:06 INFO::Applying z-score to standardize continuous metadata
2021-12-16 08:42:06 INFO::Running selected transform method: LOG
2021-12-16 08:42:06 INFO::Running selected analysis method: LM
2021-12-16 08:42:06 INFO::Fitting model to feature number 1, Corynebacterium
2021-12-16 08:42:06 INFO::Fitting model to feature number 2, Porphyromonas
2021-12-16 08:42:06 INFO::Fitting model to feature number 3, ASV_63
2021-12-16 08:42:06 INFO::Fitting model to feature number 4, Alloprevotella
2021-12-16 08:42:06 INFO::Fitting model to feature number 5, Prevotella
2021-12-16 08:42:07 INFO::Fitting model to feature number 6, Campylobacter
2021-12-16 08:42:07 INFO::Fitting model to feature number 7, Dolosigranulum
2021-12-16 08:42:07 INFO::Fitting model to feature number 8, Streptococcus
2021-12-16 08:42:07 INFO::Fitting model to feature number 9, Gemella
2021-12-16 08:42:07 INFO::Fitting model to feature number 10, Staphylococcus
2021-12-16 08:42:07 INFO::Fitting model to feature number 11, ASV_35
2021-12-16 08:42:07 INFO::Fitting model to feature number 12, Veillonella
2021-12-16 08:42:07 INFO::Fitting model to feature number 13, Fusobacterium
2021-12-16 08:42:07 INFO::Fitting model to feature number 14, Streptobacillus
2021-12-16 08:42:07 INFO::Fitting model to feature number 15, ASV_22
2021-12-16 08:42:07 INFO::Fitting model to feature number 16, Neisseria
2021-12-16 08:42:07 INFO::Fitting model to feature number 17, Klebsiella
2021-12-16 08:42:07 INFO::Fitting model to feature number 18, Haemophilus
2021-12-16 08:42:07 INFO::Fitting model to feature number 19, Acinetobacter
2021-12-16 08:42:07 INFO::Fitting model to feature number 20, Moraxella
2021-12-16 08:42:07 INFO::Counting total values for each feature
2021-12-16 08:42:07 INFO::Writing residuals to file Results/Maaslin2_LM/genus/Bin_1/HIV/residuals.rds
2021-12-16 08:42:07 INFO::Writing fitted values to file Results/Maaslin2_LM/genus/Bin_1/HIV/fitted.rds
2021-12-16 08:42:07 INFO::Writing extracted random effects to file Results/Maaslin2_LM/genus/Bin_1/HIV/ranef.rds
2021-12-16 08:42:07 INFO::Writing all results to file (ordered by increasing q-values): Results/Maaslin2_LM/genus/Bin_1/HIV/all_results.tsv
2021-12-16 08:42:07 INFO::Writing the significant results (those which are less than or equal to the threshold of 0.250000 ) to file (ordered by increasing q-values): Results/Maaslin2_LM/genus/Bin_1/HIV/significant_results.tsv
2021-12-16 08:42:07 INFO::Writing heatmap of significant results to file: Results/Maaslin2_LM/genus/Bin_1/HIV/heatmap.pdf
2021-12-16 08:42:08 INFO::Writing association plots (one for each significant association) to output folder: Results/Maaslin2_LM/genus/Bin_1/HIV
2021-12-16 08:42:08 INFO::Plotting associations from most to least significant, grouped by metadata
2021-12-16 08:42:08 INFO::Plotting data for metadata number 1, age_days_numeric
2021-12-16 08:42:08 INFO::Creating scatter plot for continuous data, age_days_numeric vs Staphylococcus
2021-12-16 08:42:08 DEBUG::`geom_smooth()` using formula 'y ~ x'
2021-12-16 08:42:08 INFO::Creating scatter plot for continuous data, age_days_numeric vs Moraxella
2021-12-16 08:42:08 DEBUG::`geom_smooth()` using formula 'y ~ x'
2021-12-16 08:42:08 INFO::Creating scatter plot for continuous data, age_days_numeric vs ASV_22
2021-12-16 08:42:08 DEBUG::`geom_smooth()` using formula 'y ~ x'
2021-12-16 08:42:08 INFO::Creating scatter plot for continuous data, age_days_numeric vs Haemophilus
2021-12-16 08:42:08 DEBUG::`geom_smooth()` using formula 'y ~ x'
2021-12-16 08:42:08 INFO::Creating scatter plot for continuous data, age_days_numeric vs Corynebacterium
2021-12-16 08:42:08 DEBUG::`geom_smooth()` using formula 'y ~ x'
2021-12-16 08:42:08 INFO::Creating scatter plot for continuous data, age_days_numeric vs Fusobacterium
2021-12-16 08:42:08 DEBUG::`geom_smooth()` using formula 'y ~ x'
2021-12-16 08:42:08 INFO::Creating scatter plot for continuous data, age_days_numeric vs Dolosigranulum
2021-12-16 08:42:08 DEBUG::`geom_smooth()` using formula 'y ~ x'
2021-12-16 08:42:08 INFO::Creating scatter plot for continuous data, age_days_numeric vs ASV_35
2021-12-16 08:42:09 DEBUG::`geom_smooth()` using formula 'y ~ x'
2021-12-16 08:42:09 INFO::Creating scatter plot for continuous data, age_days_numeric vs Prevotella
2021-12-16 08:42:09 DEBUG::`geom_smooth()` using formula 'y ~ x'
2021-12-16 08:42:09 INFO::Creating scatter plot for continuous data, age_days_numeric vs Veillonella
2021-12-16 08:42:09 DEBUG::`geom_smooth()` using formula 'y ~ x'
2021-12-16 08:42:09 INFO::Creating scatter plot for continuous data, age_days_numeric vs Klebsiella
2021-12-16 08:42:09 DEBUG::`geom_smooth()` using formula 'y ~ x'
2021-12-16 08:42:11 INFO::Plotting data for metadata number 2, collection_season2
2021-12-16 08:42:11 INFO::Creating boxplot for categorical data, collection_season2 vs Staphylococcus
2021-12-16 08:42:11 INFO::Creating boxplot for categorical data, collection_season2 vs Staphylococcus
2021-12-16 08:42:11 INFO::Creating boxplot for categorical data, collection_season2 vs Klebsiella
2021-12-16 08:42:11 INFO::Creating boxplot for categorical data, collection_season2 vs Gemella
2021-12-16 08:42:11 INFO::Creating boxplot for categorical data, collection_season2 vs ASV_63
2021-12-16 08:42:13 INFO::Plotting data for metadata number 3, HIV
2021-12-16 08:42:13 INFO::Creating boxplot for categorical data, HIV vs Klebsiella
