2022-12-11 05:58:34 INFO::Writing function arguments to log file
2022-12-11 05:58:34 DEBUG::Function arguments
2022-12-11 05:58:34 DEBUG::Output folder: Results/Maaslin2_revised/genus/Bin_3/sex
2022-12-11 05:58:34 DEBUG::Min Abundance: 0.000000
2022-12-11 05:58:34 DEBUG::Min Prevalence: 0.100000
2022-12-11 05:58:34 DEBUG::Normalization: CLR
2022-12-11 05:58:34 DEBUG::Transform: NONE
2022-12-11 05:58:34 DEBUG::Analysis method: LM
2022-12-11 05:58:34 DEBUG::Max significance: 0.250000
2022-12-11 05:58:34 DEBUG::Random effects: short_PID
2022-12-11 05:58:34 DEBUG::Fixed effects: age_days_numeric,collection_season2,sex
2022-12-11 05:58:34 DEBUG::Correction method: BH
2022-12-11 05:58:34 DEBUG::Standardize: TRUE
2022-12-11 05:58:34 DEBUG::Cores: 1
2022-12-11 05:58:34 INFO::Verifying options selected are valid
2022-12-11 05:58:34 INFO::Determining format of input files
2022-12-11 05:58:34 INFO::Input format is data samples as rows and metadata samples as rows
2022-12-11 05:58:34 DEBUG::A total of 462 samples were found in both the data and metadata
2022-12-11 05:58:34 DEBUG::Reordering data/metadata to use same sample ordering
2022-12-11 05:58:34 INFO::Formula for random effects: expr ~ (1 | short_PID)
2022-12-11 05:58:34 INFO::Formula for fixed effects: expr ~  age_days_numeric + collection_season2 + sex
2022-12-11 05:58:34 INFO::Filter data based on min abundance and min prevalence
2022-12-11 05:58:34 INFO::Total samples in data: 462
2022-12-11 05:58:34 INFO::Min samples required with min abundance for a feature not to be filtered: 46.200000
2022-12-11 05:58:34 INFO::Total filtered features: 0
2022-12-11 05:58:34 INFO::Filtered feature names from abundance and prevalence filtering:
2022-12-11 05:58:34 INFO::Total filtered features with variance filtering: 0
2022-12-11 05:58:34 INFO::Filtered feature names from variance filtering:
2022-12-11 05:58:34 INFO::Running selected normalization method: CLR
2022-12-11 05:58:34 INFO::Applying z-score to standardize continuous metadata
2022-12-11 05:58:34 INFO::Running selected transform method: NONE
2022-12-11 05:58:34 INFO::Running selected analysis method: LM
2022-12-11 05:58:34 INFO::Fitting model to feature number 1, Corynebacterium
2022-12-11 05:58:34 INFO::Fitting model to feature number 2, Porphyromonas
2022-12-11 05:58:34 INFO::Fitting model to feature number 3, Alloprevotella
2022-12-11 05:58:34 INFO::Fitting model to feature number 4, Prevotella
2022-12-11 05:58:34 INFO::Fitting model to feature number 5, Dolosigranulum
2022-12-11 05:58:34 INFO::Fitting model to feature number 6, Streptococcus
2022-12-11 05:58:34 INFO::Fitting model to feature number 7, Gemella
2022-12-11 05:58:34 INFO::Fitting model to feature number 8, Staphylococcus
2022-12-11 05:58:34 INFO::Fitting model to feature number 9, ASV_35
2022-12-11 05:58:34 INFO::Fitting model to feature number 10, Helcococcus
2022-12-11 05:58:34 INFO::Fitting model to feature number 11, Fusobacterium
2022-12-11 05:58:35 INFO::Fitting model to feature number 12, Streptobacillus
2022-12-11 05:58:35 INFO::Fitting model to feature number 13, ASV_22
2022-12-11 05:58:35 INFO::Fitting model to feature number 14, Neisseria
2022-12-11 05:58:35 INFO::Fitting model to feature number 15, Haemophilus
2022-12-11 05:58:35 INFO::Fitting model to feature number 16, Acinetobacter
2022-12-11 05:58:35 INFO::Fitting model to feature number 17, Moraxella
2022-12-11 05:58:35 INFO::Counting total values for each feature
2022-12-11 05:58:35 INFO::Writing residuals to file Results/Maaslin2_revised/genus/Bin_3/sex/residuals.rds
2022-12-11 05:58:35 INFO::Writing fitted values to file Results/Maaslin2_revised/genus/Bin_3/sex/fitted.rds
2022-12-11 05:58:35 INFO::Writing extracted random effects to file Results/Maaslin2_revised/genus/Bin_3/sex/ranef.rds
2022-12-11 05:58:35 INFO::Writing all results to file (ordered by increasing q-values): Results/Maaslin2_revised/genus/Bin_3/sex/all_results.tsv
2022-12-11 05:58:35 INFO::Writing the significant results (those which are less than or equal to the threshold of 0.250000 ) to file (ordered by increasing q-values): Results/Maaslin2_revised/genus/Bin_3/sex/significant_results.tsv
2022-12-11 05:58:35 INFO::Writing heatmap of significant results to file: Results/Maaslin2_revised/genus/Bin_3/sex/heatmap.pdf
2022-12-11 05:58:35 INFO::Writing association plots (one for each significant association) to output folder: Results/Maaslin2_revised/genus/Bin_3/sex
2022-12-11 05:58:35 INFO::Plotting associations from most to least significant, grouped by metadata
2022-12-11 05:58:35 INFO::Plotting data for metadata number 1, age_days_numeric
2022-12-11 05:58:35 INFO::Creating scatter plot for continuous data, age_days_numeric vs Helcococcus
2022-12-11 05:58:35 DEBUG::`geom_smooth()` using formula 'y ~ x'
2022-12-11 05:58:35 INFO::Creating scatter plot for continuous data, age_days_numeric vs ASV_22
2022-12-11 05:58:35 DEBUG::`geom_smooth()` using formula 'y ~ x'
2022-12-11 05:58:35 INFO::Creating scatter plot for continuous data, age_days_numeric vs ASV_35
2022-12-11 05:58:36 DEBUG::`geom_smooth()` using formula 'y ~ x'
2022-12-11 05:58:36 INFO::Creating scatter plot for continuous data, age_days_numeric vs Haemophilus
2022-12-11 05:58:36 DEBUG::`geom_smooth()` using formula 'y ~ x'
2022-12-11 05:58:36 INFO::Creating scatter plot for continuous data, age_days_numeric vs Corynebacterium
2022-12-11 05:58:36 DEBUG::`geom_smooth()` using formula 'y ~ x'
2022-12-11 05:58:36 INFO::Creating scatter plot for continuous data, age_days_numeric vs Alloprevotella
2022-12-11 05:58:36 DEBUG::`geom_smooth()` using formula 'y ~ x'
2022-12-11 05:58:36 INFO::Creating scatter plot for continuous data, age_days_numeric vs Prevotella
2022-12-11 05:58:36 DEBUG::`geom_smooth()` using formula 'y ~ x'
2022-12-11 05:58:36 INFO::Creating scatter plot for continuous data, age_days_numeric vs Streptobacillus
2022-12-11 05:58:36 DEBUG::`geom_smooth()` using formula 'y ~ x'
2022-12-11 05:58:38 INFO::Plotting data for metadata number 2, collection_season2
2022-12-11 05:58:38 INFO::Creating boxplot for categorical data, collection_season2 vs Corynebacterium
2022-12-11 05:58:38 INFO::Creating boxplot for categorical data, collection_season2 vs Neisseria
2022-12-11 05:58:38 INFO::Creating boxplot for categorical data, collection_season2 vs Corynebacterium
2022-12-11 05:58:38 INFO::Creating boxplot for categorical data, collection_season2 vs Streptobacillus
2022-12-11 05:58:38 INFO::Creating boxplot for categorical data, collection_season2 vs Helcococcus
2022-12-11 05:58:39 INFO::Creating boxplot for categorical data, collection_season2 vs Porphyromonas
2022-12-11 05:58:39 INFO::Creating boxplot for categorical data, collection_season2 vs Helcococcus
2022-12-11 05:58:39 INFO::Creating boxplot for categorical data, collection_season2 vs Neisseria
2022-12-11 05:58:39 INFO::Creating boxplot for categorical data, collection_season2 vs Corynebacterium
2022-12-11 05:58:39 INFO::Creating boxplot for categorical data, collection_season2 vs Neisseria
2022-12-11 05:58:39 INFO::Creating boxplot for categorical data, collection_season2 vs Haemophilus
2022-12-11 05:58:39 INFO::Creating boxplot for categorical data, collection_season2 vs Alloprevotella
2022-12-11 05:58:40 INFO::Creating boxplot for categorical data, collection_season2 vs Fusobacterium
2022-12-11 05:58:40 INFO::Creating boxplot for categorical data, collection_season2 vs Streptococcus
2022-12-11 05:58:40 INFO::Creating boxplot for categorical data, collection_season2 vs Fusobacterium
2022-12-11 05:58:40 INFO::Creating boxplot for categorical data, collection_season2 vs Streptobacillus
2022-12-11 05:58:40 INFO::Creating boxplot for categorical data, collection_season2 vs Acinetobacter
2022-12-11 05:58:40 INFO::Creating boxplot for categorical data, collection_season2 vs Moraxella
2022-12-11 05:58:41 INFO::Creating boxplot for categorical data, collection_season2 vs ASV_35
2022-12-11 05:58:41 INFO::Creating boxplot for categorical data, collection_season2 vs ASV_35
2022-12-11 05:58:41 INFO::Creating boxplot for categorical data, collection_season2 vs Moraxella
2022-12-11 05:58:41 INFO::Creating boxplot for categorical data, collection_season2 vs ASV_35
2022-12-11 05:58:41 INFO::Creating boxplot for categorical data, collection_season2 vs Porphyromonas
2022-12-11 05:58:41 INFO::Creating boxplot for categorical data, collection_season2 vs Dolosigranulum
2022-12-11 05:58:41 INFO::Creating boxplot for categorical data, collection_season2 vs Fusobacterium
2022-12-11 05:58:42 INFO::Creating boxplot for categorical data, collection_season2 vs Streptococcus
2022-12-11 05:58:44 INFO::Plotting data for metadata number 3, sex
2022-12-11 05:58:44 INFO::Creating boxplot for categorical data, sex vs Porphyromonas
2022-12-11 05:58:44 INFO::Creating boxplot for categorical data, sex vs Fusobacterium
2022-12-11 05:58:44 INFO::Creating boxplot for categorical data, sex vs Alloprevotella
2022-12-11 05:58:44 INFO::Creating boxplot for categorical data, sex vs ASV_22
