2022-05-26 02:16:11 INFO::Writing function arguments to log file
2022-05-26 02:16:11 DEBUG::Function arguments
2022-05-26 02:16:11 DEBUG::Output folder: Results/Maaslin2_LM/asv/Bin_1/timepoint_month
2022-05-26 02:16:11 DEBUG::Min Abundance: 0.000000
2022-05-26 02:16:11 DEBUG::Min Prevalence: 0.100000
2022-05-26 02:16:11 DEBUG::Normalization: NONE
2022-05-26 02:16:11 DEBUG::Transform: LOG
2022-05-26 02:16:11 DEBUG::Analysis method: LM
2022-05-26 02:16:11 DEBUG::Max significance: 0.250000
2022-05-26 02:16:11 DEBUG::Random effects: short_PID
2022-05-26 02:16:11 DEBUG::Fixed effects: delivery,excl_bf_maxtimepoint,gestation2,HIV,sex,collection_season2,timepoint_month
2022-05-26 02:16:11 DEBUG::Correction method: BH
2022-05-26 02:16:11 DEBUG::Standardize: TRUE
2022-05-26 02:16:11 DEBUG::Cores: 1
2022-05-26 02:16:11 INFO::Verifying options selected are valid
2022-05-26 02:16:11 INFO::Determining format of input files
2022-05-26 02:16:11 INFO::Input format is data samples as rows and metadata samples as rows
2022-05-26 02:16:11 DEBUG::A total of 210 samples were found in both the data and metadata
2022-05-26 02:16:11 DEBUG::Reordering data/metadata to use same sample ordering
2022-05-26 02:16:11 INFO::Formula for random effects: expr ~ (1 | short_PID)
2022-05-26 02:16:11 INFO::Formula for fixed effects: expr ~  delivery + excl_bf_maxtimepoint + gestation2 + HIV + sex + collection_season2 + timepoint_month
2022-05-26 02:16:11 INFO::Filter data based on min abundance and min prevalence
2022-05-26 02:16:11 INFO::Total samples in data: 210
2022-05-26 02:16:11 INFO::Min samples required with min abundance for a feature not to be filtered: 21.000000
2022-05-26 02:16:11 INFO::Total filtered features: 70
2022-05-26 02:16:11 INFO::Filtered feature names from abundance and prevalence filtering: ASV_360_Actinomyces_odontolyticus, ASV_160_Bifidobacterium_nan, ASV_118_Corynebacterium_nan, ASV_137_Corynebacterium_nan, ASV_205_Corynebacterium_nan, ASV_258_Kocuria_nan, ASV_144_Rothia_nan, ASV_254_Rothia_mucilaginosa, ASV_204_Nocardioides_marinus, ASV_95_Porphyromonas_nan, ASV_117_Alloprevotella_nan, ASV_194_Alloprevotella_nan, ASV_283_Alloprevotella_nan, ASV_46_Prevotella_melaninogenica, ASV_546_Prevotella_salivae, ASV_94_Prevotella_nanceiensis, ASV_97_Prevotella_nan, ASV_81_ASV_81_nan, ASV_116_Campylobacter_nan, ASV_184_Campylobacter_concisus, ASV_220_Campylobacter_concisus, ASV_250_ASV_250_nan, ASV_489_Solobacterium_moorei, ASV_225_Granulicatella_elegans, ASV_166_Lactobacillus_nan, ASV_102_Streptococcus_nan, ASV_107_Streptococcus_nan, ASV_157_Streptococcus_nan, ASV_78_Streptococcus_nan, ASV_89_Streptococcus_nan, ASV_110_Ureaplasma_nan, ASV_392_Staphylococcus_nan, ASV_149_Johnsonella_nan, ASV_287_Lachnoanaerobaculum_cf., ASV_475_Lachnoanaerobaculum_nan, ASV_594_Peptococcus_nan, ASV_414_Peptostreptococcus_stomatis, ASV_935_Fenollaria_nan, ASV_858_Finegoldia_nan, ASV_103_Fusobacterium_periodonticum, ASV_30_Fusobacterium_nucleatum, ASV_43_Fusobacterium_nan, ASV_61_Fusobacterium_nan, ASV_75_Fusobacterium_massiliense, ASV_129_Leptotrichia_nan, ASV_50_Streptobacillus_hongkongensis, ASV_65_Streptobacillus_nan, ASV_53_ASV_53_nan, ASV_98_PMMR1_nan, ASV_170_Aeromonas_nan, ASV_216_Shewanella_nan, ASV_190_Ramlibacter_nan, ASV_20_Neisseria_nan, ASV_42_Neisseria_meningitidis, ASV_64_Neisseria_nan, ASV_260_ASV_260_nan, ASV_41_Actinobacillus_nan, ASV_224_Aggregatibacter_segnis, ASV_16_Haemophilus_nan, ASV_23_Haemophilus_nan, ASV_60_Haemophilus_influenzae, ASV_96_Haemophilus_nan, ASV_134_Acinetobacter_nan, ASV_156_Acinetobacter_nan, ASV_85_Acinetobacter_nan, ASV_11_Moraxella_lincolnii, ASV_36_Moraxella_nan, ASV_330_Pseudomonas_nan, ASV_326_ASV_326_nan, ASV_55_Chlamydia_trachomatis
2022-05-26 02:16:11 INFO::Total filtered features with variance filtering: 0
2022-05-26 02:16:11 INFO::Filtered feature names from variance filtering:
2022-05-26 02:16:11 INFO::Running selected normalization method: NONE
2022-05-26 02:16:11 INFO::Applying z-score to standardize continuous metadata
2022-05-26 02:16:11 INFO::Running selected transform method: LOG
2022-05-26 02:16:11 INFO::Running selected analysis method: LM
2022-05-26 02:16:12 INFO::Fitting model to feature number 1, ASV_14_Corynebacterium_nan
2022-05-26 02:16:12 INFO::Fitting model to feature number 2, ASV_28_Corynebacterium_nan
2022-05-26 02:16:12 INFO::Fitting model to feature number 3, ASV_34_Corynebacterium_nan
2022-05-26 02:16:13 INFO::Fitting model to feature number 4, ASV_4_Corynebacterium_nan
2022-05-26 02:16:13 INFO::Fitting model to feature number 5, ASV_8_Corynebacterium_nan
2022-05-26 02:16:13 INFO::Fitting model to feature number 6, ASV_40_Porphyromonas_nan
2022-05-26 02:16:13 INFO::Fitting model to feature number 7, ASV_58_Porphyromonas_nan
2022-05-26 02:16:13 INFO::Fitting model to feature number 8, ASV_33_Alloprevotella_nan
2022-05-26 02:16:13 INFO::Fitting model to feature number 9, ASV_63_ASV_63_nan
2022-05-26 02:16:13 INFO::Fitting model to feature number 10, ASV_6_Dolosigranulum_pigrum
2022-05-26 02:16:13 INFO::Fitting model to feature number 11, ASV_10_Streptococcus_nan
2022-05-26 02:16:13 INFO::Fitting model to feature number 12, ASV_24_Streptococcus_nan
2022-05-26 02:16:13 INFO::Fitting model to feature number 13, ASV_7_Streptococcus_nan
2022-05-26 02:16:13 INFO::Fitting model to feature number 14, ASV_39_Gemella_nan
2022-05-26 02:16:13 INFO::Fitting model to feature number 15, ASV_5_Staphylococcus_nan
2022-05-26 02:16:13 INFO::Fitting model to feature number 16, ASV_35_ASV_35_nan
2022-05-26 02:16:13 INFO::Fitting model to feature number 17, ASV_100_Veillonella_massiliensis
2022-05-26 02:16:14 INFO::Fitting model to feature number 18, ASV_176_Veillonella_nan
2022-05-26 02:16:14 INFO::Fitting model to feature number 19, ASV_49_Streptobacillus_nan
2022-05-26 02:16:14 INFO::Fitting model to feature number 20, ASV_13_Neisseria_nan
2022-05-26 02:16:14 INFO::Fitting model to feature number 21, ASV_22_ASV_22_nan
2022-05-26 02:16:14 INFO::Fitting model to feature number 22, ASV_18_Klebsiella_nan
