2021-12-16 08:50:14 INFO::Writing function arguments to log file
2021-12-16 08:50:14 DEBUG::Function arguments
2021-12-16 08:50:14 DEBUG::Output folder: Results/Maaslin2_LM/genus/Bin_2/HIV
2021-12-16 08:50:14 DEBUG::Min Abundance: 0.000000
2021-12-16 08:50:14 DEBUG::Min Prevalence: 0.100000
2021-12-16 08:50:14 DEBUG::Normalization: TSS
2021-12-16 08:50:14 DEBUG::Transform: LOG
2021-12-16 08:50:14 DEBUG::Analysis method: LM
2021-12-16 08:50:14 DEBUG::Max significance: 0.250000
2021-12-16 08:50:14 DEBUG::Random effects: short_PID
2021-12-16 08:50:14 DEBUG::Fixed effects: age_days_numeric,collection_season2,HIV
2021-12-16 08:50:14 DEBUG::Correction method: BH
2021-12-16 08:50:14 DEBUG::Standardize: TRUE
2021-12-16 08:50:14 DEBUG::Cores: 1
2021-12-16 08:50:14 INFO::Verifying options selected are valid
2021-12-16 08:50:14 INFO::Determining format of input files
2021-12-16 08:50:14 INFO::Input format is data samples as rows and metadata samples as rows
2021-12-16 08:50:14 DEBUG::A total of 255 samples were found in both the data and metadata
2021-12-16 08:50:14 DEBUG::Reordering data/metadata to use same sample ordering
2021-12-16 08:50:14 INFO::Formula for random effects: expr ~ (1 | short_PID)
2021-12-16 08:50:14 INFO::Formula for fixed effects: expr ~  age_days_numeric + collection_season2 + HIV
2021-12-16 08:50:14 INFO::Filter data based on min abundance and min prevalence
2021-12-16 08:50:14 INFO::Total samples in data: 255
2021-12-16 08:50:14 INFO::Min samples required with min abundance for a feature not to be filtered: 25.500000
2021-12-16 08:50:14 INFO::Total filtered features: 0
2021-12-16 08:50:14 INFO::Filtered feature names from abundance and prevalence filtering:
2021-12-16 08:50:14 INFO::Total filtered features with variance filtering: 0
2021-12-16 08:50:14 INFO::Filtered feature names from variance filtering:
2021-12-16 08:50:14 INFO::Running selected normalization method: TSS
2021-12-16 08:50:14 INFO::Applying z-score to standardize continuous metadata
2021-12-16 08:50:14 INFO::Running selected transform method: LOG
2021-12-16 08:50:14 INFO::Running selected analysis method: LM
2021-12-16 08:50:14 INFO::Fitting model to feature number 1, Corynebacterium
2021-12-16 08:50:14 INFO::Fitting model to feature number 2, Porphyromonas
2021-12-16 08:50:14 INFO::Fitting model to feature number 3, ASV_63
2021-12-16 08:50:14 INFO::Fitting model to feature number 4, Alloprevotella
2021-12-16 08:50:14 INFO::Fitting model to feature number 5, Prevotella
2021-12-16 08:50:14 INFO::Fitting model to feature number 6, Campylobacter
2021-12-16 08:50:14 INFO::Fitting model to feature number 7, Dolosigranulum
2021-12-16 08:50:15 INFO::Fitting model to feature number 8, Streptococcus
2021-12-16 08:50:15 INFO::Fitting model to feature number 9, Gemella
2021-12-16 08:50:15 INFO::Fitting model to feature number 10, Staphylococcus
2021-12-16 08:50:15 INFO::Fitting model to feature number 11, ASV_35
2021-12-16 08:50:15 INFO::Fitting model to feature number 12, Veillonella
2021-12-16 08:50:15 INFO::Fitting model to feature number 13, Fusobacterium
2021-12-16 08:50:15 INFO::Fitting model to feature number 14, Streptobacillus
2021-12-16 08:50:15 INFO::Fitting model to feature number 15, ASV_22
2021-12-16 08:50:15 INFO::Fitting model to feature number 16, Neisseria
2021-12-16 08:50:15 INFO::Fitting model to feature number 17, Haemophilus
2021-12-16 08:50:15 INFO::Fitting model to feature number 18, Acinetobacter
2021-12-16 08:50:15 INFO::Fitting model to feature number 19, Moraxella
2021-12-16 08:50:15 INFO::Counting total values for each feature
2021-12-16 08:50:15 INFO::Writing residuals to file Results/Maaslin2_LM/genus/Bin_2/HIV/residuals.rds
2021-12-16 08:50:15 INFO::Writing fitted values to file Results/Maaslin2_LM/genus/Bin_2/HIV/fitted.rds
2021-12-16 08:50:15 INFO::Writing extracted random effects to file Results/Maaslin2_LM/genus/Bin_2/HIV/ranef.rds
2021-12-16 08:50:15 INFO::Writing all results to file (ordered by increasing q-values): Results/Maaslin2_LM/genus/Bin_2/HIV/all_results.tsv
2021-12-16 08:50:15 INFO::Writing the significant results (those which are less than or equal to the threshold of 0.250000 ) to file (ordered by increasing q-values): Results/Maaslin2_LM/genus/Bin_2/HIV/significant_results.tsv
2021-12-16 08:50:15 INFO::Writing heatmap of significant results to file: Results/Maaslin2_LM/genus/Bin_2/HIV/heatmap.pdf
2021-12-16 08:50:15 INFO::Writing association plots (one for each significant association) to output folder: Results/Maaslin2_LM/genus/Bin_2/HIV
2021-12-16 08:50:15 INFO::Plotting associations from most to least significant, grouped by metadata
2021-12-16 08:50:15 INFO::Plotting data for metadata number 1, age_days_numeric
2021-12-16 08:50:15 INFO::Creating scatter plot for continuous data, age_days_numeric vs Neisseria
2021-12-16 08:50:15 DEBUG::`geom_smooth()` using formula 'y ~ x'
2021-12-16 08:50:15 INFO::Creating scatter plot for continuous data, age_days_numeric vs Staphylococcus
2021-12-16 08:50:16 DEBUG::`geom_smooth()` using formula 'y ~ x'
2021-12-16 08:50:16 INFO::Creating scatter plot for continuous data, age_days_numeric vs Streptobacillus
2021-12-16 08:50:16 DEBUG::`geom_smooth()` using formula 'y ~ x'
2021-12-16 08:50:16 INFO::Creating scatter plot for continuous data, age_days_numeric vs Moraxella
2021-12-16 08:50:16 DEBUG::`geom_smooth()` using formula 'y ~ x'
2021-12-16 08:50:16 INFO::Creating scatter plot for continuous data, age_days_numeric vs ASV_63
2021-12-16 08:50:16 DEBUG::`geom_smooth()` using formula 'y ~ x'
2021-12-16 08:50:16 INFO::Creating scatter plot for continuous data, age_days_numeric vs Gemella
2021-12-16 08:50:16 DEBUG::`geom_smooth()` using formula 'y ~ x'
2021-12-16 08:50:16 INFO::Creating scatter plot for continuous data, age_days_numeric vs Alloprevotella
2021-12-16 08:50:16 DEBUG::`geom_smooth()` using formula 'y ~ x'
2021-12-16 08:50:16 INFO::Creating scatter plot for continuous data, age_days_numeric vs ASV_22
2021-12-16 08:50:16 DEBUG::`geom_smooth()` using formula 'y ~ x'
2021-12-16 08:50:18 INFO::Plotting data for metadata number 2, HIV
2021-12-16 08:50:18 INFO::Creating boxplot for categorical data, HIV vs ASV_35
2021-12-16 08:50:18 INFO::Creating boxplot for categorical data, HIV vs Neisseria
2021-12-16 08:50:18 INFO::Creating boxplot for categorical data, HIV vs Prevotella
2021-12-16 08:50:18 INFO::Creating boxplot for categorical data, HIV vs Fusobacterium
2021-12-16 08:50:19 INFO::Plotting data for metadata number 3, collection_season2
2021-12-16 08:50:19 INFO::Creating boxplot for categorical data, collection_season2 vs Haemophilus
2021-12-16 08:50:19 INFO::Creating boxplot for categorical data, collection_season2 vs Streptobacillus
2021-12-16 08:50:20 INFO::Creating boxplot for categorical data, collection_season2 vs Campylobacter
2021-12-16 08:50:20 INFO::Creating boxplot for categorical data, collection_season2 vs ASV_35
2021-12-16 08:50:20 INFO::Creating boxplot for categorical data, collection_season2 vs Neisseria
2021-12-16 08:50:20 INFO::Creating boxplot for categorical data, collection_season2 vs Corynebacterium
2021-12-16 08:50:20 INFO::Creating boxplot for categorical data, collection_season2 vs Gemella
