2021-12-16 08:38:40 INFO::Writing function arguments to log file
2021-12-16 08:38:40 DEBUG::Function arguments
2021-12-16 08:38:40 DEBUG::Output folder: Results/Maaslin2_LM/asv/Bin_1/WAZ12_2
2021-12-16 08:38:40 DEBUG::Min Abundance: 0.000000
2021-12-16 08:38:40 DEBUG::Min Prevalence: 0.100000
2021-12-16 08:38:40 DEBUG::Normalization: TSS
2021-12-16 08:38:40 DEBUG::Transform: LOG
2021-12-16 08:38:40 DEBUG::Analysis method: LM
2021-12-16 08:38:40 DEBUG::Max significance: 0.250000
2021-12-16 08:38:40 DEBUG::Random effects: short_PID
2021-12-16 08:38:40 DEBUG::Fixed effects: age_days_numeric,collection_season2,WAZ12_2
2021-12-16 08:38:40 DEBUG::Correction method: BH
2021-12-16 08:38:40 DEBUG::Standardize: TRUE
2021-12-16 08:38:40 DEBUG::Cores: 1
2021-12-16 08:38:40 INFO::Verifying options selected are valid
2021-12-16 08:38:40 INFO::Determining format of input files
2021-12-16 08:38:40 INFO::Input format is data samples as rows and metadata samples as rows
2021-12-16 08:38:40 DEBUG::A total of 210 samples were found in both the data and metadata
2021-12-16 08:38:40 DEBUG::Reordering data/metadata to use same sample ordering
2021-12-16 08:38:40 INFO::Formula for random effects: expr ~ (1 | short_PID)
2021-12-16 08:38:40 INFO::Formula for fixed effects: expr ~  age_days_numeric + collection_season2 + WAZ12_2
2021-12-16 08:38:40 INFO::Filter data based on min abundance and min prevalence
2021-12-16 08:38:40 INFO::Total samples in data: 210
2021-12-16 08:38:40 INFO::Min samples required with min abundance for a feature not to be filtered: 21.000000
2021-12-16 08:38:40 INFO::Total filtered features: 0
2021-12-16 08:38:40 INFO::Filtered feature names from abundance and prevalence filtering:
2021-12-16 08:38:40 INFO::Total filtered features with variance filtering: 0
2021-12-16 08:38:40 INFO::Filtered feature names from variance filtering:
2021-12-16 08:38:40 INFO::Running selected normalization method: TSS
2021-12-16 08:38:40 INFO::Applying z-score to standardize continuous metadata
2021-12-16 08:38:40 INFO::Running selected transform method: LOG
2021-12-16 08:38:40 INFO::Running selected analysis method: LM
2021-12-16 08:38:40 INFO::Fitting model to feature number 1, ASV_14_Corynebacterium_nan
2021-12-16 08:38:40 INFO::Fitting model to feature number 2, ASV_28_Corynebacterium_nan
2021-12-16 08:38:40 INFO::Fitting model to feature number 3, ASV_34_Corynebacterium_nan
2021-12-16 08:38:40 INFO::Fitting model to feature number 4, ASV_4_Corynebacterium_nan
2021-12-16 08:38:40 INFO::Fitting model to feature number 5, ASV_8_Corynebacterium_nan
2021-12-16 08:38:40 INFO::Fitting model to feature number 6, ASV_40_Porphyromonas_nan
2021-12-16 08:38:40 INFO::Fitting model to feature number 7, ASV_58_Porphyromonas_nan
2021-12-16 08:38:40 INFO::Fitting model to feature number 8, ASV_33_Alloprevotella_nan
2021-12-16 08:38:40 INFO::Fitting model to feature number 9, ASV_63_ASV_63_nan
2021-12-16 08:38:40 INFO::Fitting model to feature number 10, ASV_6_Dolosigranulum_pigrum
2021-12-16 08:38:40 INFO::Fitting model to feature number 11, ASV_10_Streptococcus_nan
2021-12-16 08:38:41 INFO::Fitting model to feature number 12, ASV_24_Streptococcus_nan
2021-12-16 08:38:41 INFO::Fitting model to feature number 13, ASV_7_Streptococcus_nan
2021-12-16 08:38:41 INFO::Fitting model to feature number 14, ASV_39_Gemella_nan
2021-12-16 08:38:41 INFO::Fitting model to feature number 15, ASV_5_Staphylococcus_nan
2021-12-16 08:38:41 INFO::Fitting model to feature number 16, ASV_35_ASV_35_nan
2021-12-16 08:38:41 INFO::Fitting model to feature number 17, ASV_100_Veillonella_massiliensis
2021-12-16 08:38:41 INFO::Fitting model to feature number 18, ASV_176_Veillonella_nan
2021-12-16 08:38:41 INFO::Fitting model to feature number 19, ASV_49_Streptobacillus_nan
2021-12-16 08:38:41 INFO::Fitting model to feature number 20, ASV_13_Neisseria_nan
2021-12-16 08:38:41 INFO::Fitting model to feature number 21, ASV_22_ASV_22_nan
2021-12-16 08:38:41 INFO::Fitting model to feature number 22, ASV_18_Klebsiella_nan
2021-12-16 08:38:41 INFO::Fitting model to feature number 23, ASV_2_Haemophilus_nan
2021-12-16 08:38:41 INFO::Fitting model to feature number 24, ASV_3_Haemophilus_nan
2021-12-16 08:38:41 INFO::Fitting model to feature number 25, ASV_1_Moraxella_nan
2021-12-16 08:38:41 INFO::Counting total values for each feature
2021-12-16 08:38:41 INFO::Writing residuals to file Results/Maaslin2_LM/asv/Bin_1/WAZ12_2/residuals.rds
2021-12-16 08:38:41 INFO::Writing fitted values to file Results/Maaslin2_LM/asv/Bin_1/WAZ12_2/fitted.rds
2021-12-16 08:38:41 INFO::Writing extracted random effects to file Results/Maaslin2_LM/asv/Bin_1/WAZ12_2/ranef.rds
2021-12-16 08:38:41 INFO::Writing all results to file (ordered by increasing q-values): Results/Maaslin2_LM/asv/Bin_1/WAZ12_2/all_results.tsv
2021-12-16 08:38:41 INFO::Writing the significant results (those which are less than or equal to the threshold of 0.250000 ) to file (ordered by increasing q-values): Results/Maaslin2_LM/asv/Bin_1/WAZ12_2/significant_results.tsv
2021-12-16 08:38:41 INFO::Writing heatmap of significant results to file: Results/Maaslin2_LM/asv/Bin_1/WAZ12_2/heatmap.pdf
2021-12-16 08:38:41 INFO::Writing association plots (one for each significant association) to output folder: Results/Maaslin2_LM/asv/Bin_1/WAZ12_2
2021-12-16 08:38:41 INFO::Plotting associations from most to least significant, grouped by metadata
2021-12-16 08:38:41 INFO::Plotting data for metadata number 1, age_days_numeric
2021-12-16 08:38:41 INFO::Creating scatter plot for continuous data, age_days_numeric vs ASV_5_Staphylococcus_nan
2021-12-16 08:38:42 DEBUG::`geom_smooth()` using formula 'y ~ x'
2021-12-16 08:38:42 INFO::Creating scatter plot for continuous data, age_days_numeric vs ASV_1_Moraxella_nan
2021-12-16 08:38:42 DEBUG::`geom_smooth()` using formula 'y ~ x'
2021-12-16 08:38:42 INFO::Creating scatter plot for continuous data, age_days_numeric vs ASV_22_ASV_22_nan
2021-12-16 08:38:42 DEBUG::`geom_smooth()` using formula 'y ~ x'
2021-12-16 08:38:42 INFO::Creating scatter plot for continuous data, age_days_numeric vs ASV_14_Corynebacterium_nan
2021-12-16 08:38:42 DEBUG::`geom_smooth()` using formula 'y ~ x'
2021-12-16 08:38:42 INFO::Creating scatter plot for continuous data, age_days_numeric vs ASV_2_Haemophilus_nan
2021-12-16 08:38:42 DEBUG::`geom_smooth()` using formula 'y ~ x'
2021-12-16 08:38:42 INFO::Creating scatter plot for continuous data, age_days_numeric vs ASV_7_Streptococcus_nan
2021-12-16 08:38:42 DEBUG::`geom_smooth()` using formula 'y ~ x'
2021-12-16 08:38:42 INFO::Creating scatter plot for continuous data, age_days_numeric vs ASV_6_Dolosigranulum_pigrum
2021-12-16 08:38:42 DEBUG::`geom_smooth()` using formula 'y ~ x'
2021-12-16 08:38:42 INFO::Creating scatter plot for continuous data, age_days_numeric vs ASV_8_Corynebacterium_nan
2021-12-16 08:38:42 DEBUG::`geom_smooth()` using formula 'y ~ x'
2021-12-16 08:38:42 INFO::Creating scatter plot for continuous data, age_days_numeric vs ASV_10_Streptococcus_nan
2021-12-16 08:38:43 DEBUG::`geom_smooth()` using formula 'y ~ x'
2021-12-16 08:38:43 INFO::Creating scatter plot for continuous data, age_days_numeric vs ASV_3_Haemophilus_nan
2021-12-16 08:38:43 DEBUG::`geom_smooth()` using formula 'y ~ x'
2021-12-16 08:38:43 INFO::Creating scatter plot for continuous data, age_days_numeric vs ASV_35_ASV_35_nan
2021-12-16 08:38:43 DEBUG::`geom_smooth()` using formula 'y ~ x'
2021-12-16 08:38:43 INFO::Creating scatter plot for continuous data, age_days_numeric vs ASV_18_Klebsiella_nan
2021-12-16 08:38:43 DEBUG::`geom_smooth()` using formula 'y ~ x'
2021-12-16 08:38:45 INFO::Plotting data for metadata number 2, collection_season2
2021-12-16 08:38:45 INFO::Creating boxplot for categorical data, collection_season2 vs ASV_5_Staphylococcus_nan
2021-12-16 08:38:45 INFO::Creating boxplot for categorical data, collection_season2 vs ASV_5_Staphylococcus_nan
2021-12-16 08:38:45 INFO::Creating boxplot for categorical data, collection_season2 vs ASV_14_Corynebacterium_nan
2021-12-16 08:38:45 INFO::Creating boxplot for categorical data, collection_season2 vs ASV_14_Corynebacterium_nan
2021-12-16 08:38:45 INFO::Creating boxplot for categorical data, collection_season2 vs ASV_2_Haemophilus_nan
2021-12-16 08:38:45 INFO::Creating boxplot for categorical data, collection_season2 vs ASV_2_Haemophilus_nan
2021-12-16 08:38:45 INFO::Creating boxplot for categorical data, collection_season2 vs ASV_4_Corynebacterium_nan
2021-12-16 08:38:45 INFO::Creating boxplot for categorical data, collection_season2 vs ASV_18_Klebsiella_nan
2021-12-16 08:38:46 INFO::Creating boxplot for categorical data, collection_season2 vs ASV_63_ASV_63_nan
2021-12-16 08:38:47 INFO::Plotting data for metadata number 3, WAZ12_2
2021-12-16 08:38:47 INFO::Creating boxplot for categorical data, WAZ12_2 vs ASV_14_Corynebacterium_nan
2021-12-16 08:38:47 INFO::Creating boxplot for categorical data, WAZ12_2 vs ASV_14_Corynebacterium_nan
