2021-12-16 09:02:38 INFO::Writing function arguments to log file
2021-12-16 09:02:38 DEBUG::Function arguments
2021-12-16 09:02:38 DEBUG::Output folder: Results/Maaslin2_LM/genus/Bin_3/collection_season2
2021-12-16 09:02:38 DEBUG::Min Abundance: 0.000000
2021-12-16 09:02:38 DEBUG::Min Prevalence: 0.100000
2021-12-16 09:02:38 DEBUG::Normalization: TSS
2021-12-16 09:02:38 DEBUG::Transform: LOG
2021-12-16 09:02:38 DEBUG::Analysis method: LM
2021-12-16 09:02:38 DEBUG::Max significance: 0.250000
2021-12-16 09:02:38 DEBUG::Random effects: short_PID
2021-12-16 09:02:38 DEBUG::Fixed effects: age_days_numeric,collection_season2
2021-12-16 09:02:38 DEBUG::Correction method: BH
2021-12-16 09:02:38 DEBUG::Standardize: TRUE
2021-12-16 09:02:38 DEBUG::Cores: 1
2021-12-16 09:02:38 INFO::Verifying options selected are valid
2021-12-16 09:02:38 INFO::Determining format of input files
2021-12-16 09:02:38 INFO::Input format is data samples as rows and metadata samples as rows
2021-12-16 09:02:38 DEBUG::A total of 462 samples were found in both the data and metadata
2021-12-16 09:02:38 DEBUG::Reordering data/metadata to use same sample ordering
2021-12-16 09:02:38 INFO::Formula for random effects: expr ~ (1 | short_PID)
2021-12-16 09:02:38 INFO::Formula for fixed effects: expr ~  age_days_numeric + collection_season2
2021-12-16 09:02:38 INFO::Filter data based on min abundance and min prevalence
2021-12-16 09:02:38 INFO::Total samples in data: 462
2021-12-16 09:02:38 INFO::Min samples required with min abundance for a feature not to be filtered: 46.200000
2021-12-16 09:02:38 INFO::Total filtered features: 0
2021-12-16 09:02:38 INFO::Filtered feature names from abundance and prevalence filtering:
2021-12-16 09:02:38 INFO::Total filtered features with variance filtering: 0
2021-12-16 09:02:38 INFO::Filtered feature names from variance filtering:
2021-12-16 09:02:38 INFO::Running selected normalization method: TSS
2021-12-16 09:02:38 INFO::Applying z-score to standardize continuous metadata
2021-12-16 09:02:38 INFO::Running selected transform method: LOG
2021-12-16 09:02:38 INFO::Running selected analysis method: LM
2021-12-16 09:02:38 INFO::Fitting model to feature number 1, Corynebacterium
2021-12-16 09:02:38 INFO::Fitting model to feature number 2, Porphyromonas
2021-12-16 09:02:38 INFO::Fitting model to feature number 3, Alloprevotella
2021-12-16 09:02:38 INFO::Fitting model to feature number 4, Prevotella
2021-12-16 09:02:39 INFO::Fitting model to feature number 5, Dolosigranulum
2021-12-16 09:02:39 INFO::Fitting model to feature number 6, Streptococcus
2021-12-16 09:02:39 INFO::Fitting model to feature number 7, Gemella
2021-12-16 09:02:39 INFO::Fitting model to feature number 8, Staphylococcus
2021-12-16 09:02:39 INFO::Fitting model to feature number 9, ASV_35
2021-12-16 09:02:39 INFO::Fitting model to feature number 10, Helcococcus
2021-12-16 09:02:39 INFO::Fitting model to feature number 11, Fusobacterium
2021-12-16 09:02:39 INFO::Fitting model to feature number 12, Streptobacillus
2021-12-16 09:02:39 INFO::Fitting model to feature number 13, ASV_22
2021-12-16 09:02:39 INFO::Fitting model to feature number 14, Neisseria
2021-12-16 09:02:39 INFO::Fitting model to feature number 15, Haemophilus
2021-12-16 09:02:39 INFO::Fitting model to feature number 16, Acinetobacter
2021-12-16 09:02:39 INFO::Fitting model to feature number 17, Moraxella
2021-12-16 09:02:39 INFO::Counting total values for each feature
2021-12-16 09:02:39 WARNING::Deleting existing residuals file: Results/Maaslin2_LM/genus/Bin_3/collection_season2/residuals.rds
2021-12-16 09:02:39 INFO::Writing residuals to file Results/Maaslin2_LM/genus/Bin_3/collection_season2/residuals.rds
2021-12-16 09:02:39 WARNING::Deleting existing fitted file: Results/Maaslin2_LM/genus/Bin_3/collection_season2/fitted.rds
2021-12-16 09:02:39 INFO::Writing fitted values to file Results/Maaslin2_LM/genus/Bin_3/collection_season2/fitted.rds
2021-12-16 09:02:39 WARNING::Deleting existing ranef file: Results/Maaslin2_LM/genus/Bin_3/collection_season2/ranef.rds
2021-12-16 09:02:39 INFO::Writing extracted random effects to file Results/Maaslin2_LM/genus/Bin_3/collection_season2/ranef.rds
2021-12-16 09:02:39 INFO::Writing all results to file (ordered by increasing q-values): Results/Maaslin2_LM/genus/Bin_3/collection_season2/all_results.tsv
2021-12-16 09:02:39 INFO::Writing the significant results (those which are less than or equal to the threshold of 0.250000 ) to file (ordered by increasing q-values): Results/Maaslin2_LM/genus/Bin_3/collection_season2/significant_results.tsv
2021-12-16 09:02:39 INFO::Writing heatmap of significant results to file: Results/Maaslin2_LM/genus/Bin_3/collection_season2/heatmap.pdf
2021-12-16 09:02:39 INFO::Writing association plots (one for each significant association) to output folder: Results/Maaslin2_LM/genus/Bin_3/collection_season2
2021-12-16 09:02:39 INFO::Plotting associations from most to least significant, grouped by metadata
2021-12-16 09:02:39 INFO::Plotting data for metadata number 1, collection_season2
2021-12-16 09:02:39 INFO::Creating boxplot for categorical data, collection_season2 vs Streptobacillus
2021-12-16 09:02:40 INFO::Creating boxplot for categorical data, collection_season2 vs Neisseria
2021-12-16 09:02:40 INFO::Creating boxplot for categorical data, collection_season2 vs Porphyromonas
2021-12-16 09:02:40 INFO::Creating boxplot for categorical data, collection_season2 vs Alloprevotella
2021-12-16 09:02:40 INFO::Creating boxplot for categorical data, collection_season2 vs Streptococcus
2021-12-16 09:02:40 INFO::Creating boxplot for categorical data, collection_season2 vs Gemella
2021-12-16 09:02:40 INFO::Creating boxplot for categorical data, collection_season2 vs ASV_35
2021-12-16 09:02:40 INFO::Creating boxplot for categorical data, collection_season2 vs Corynebacterium
2021-12-16 09:02:41 INFO::Creating boxplot for categorical data, collection_season2 vs Fusobacterium
2021-12-16 09:02:41 INFO::Creating boxplot for categorical data, collection_season2 vs Neisseria
2021-12-16 09:02:41 INFO::Creating boxplot for categorical data, collection_season2 vs Neisseria
2021-12-16 09:02:41 INFO::Creating boxplot for categorical data, collection_season2 vs Corynebacterium
2021-12-16 09:02:41 INFO::Creating boxplot for categorical data, collection_season2 vs Fusobacterium
2021-12-16 09:02:41 INFO::Creating boxplot for categorical data, collection_season2 vs Streptobacillus
2021-12-16 09:02:41 INFO::Creating boxplot for categorical data, collection_season2 vs ASV_35
2021-12-16 09:02:42 INFO::Creating boxplot for categorical data, collection_season2 vs ASV_35
2021-12-16 09:02:42 INFO::Creating boxplot for categorical data, collection_season2 vs Porphyromonas
2021-12-16 09:02:42 INFO::Creating boxplot for categorical data, collection_season2 vs Streptococcus
2021-12-16 09:02:42 INFO::Creating boxplot for categorical data, collection_season2 vs Alloprevotella
2021-12-16 09:02:42 INFO::Creating boxplot for categorical data, collection_season2 vs Streptobacillus
2021-12-16 09:02:42 INFO::Creating boxplot for categorical data, collection_season2 vs Gemella
2021-12-16 09:02:42 INFO::Creating boxplot for categorical data, collection_season2 vs Fusobacterium
2021-12-16 09:02:43 INFO::Creating boxplot for categorical data, collection_season2 vs Haemophilus
2021-12-16 09:02:43 INFO::Creating boxplot for categorical data, collection_season2 vs ASV_22
2021-12-16 09:02:43 INFO::Creating boxplot for categorical data, collection_season2 vs Gemella
2021-12-16 09:02:43 INFO::Creating boxplot for categorical data, collection_season2 vs Corynebacterium
2021-12-16 09:02:43 INFO::Creating boxplot for categorical data, collection_season2 vs Helcococcus
2021-12-16 09:02:43 INFO::Creating boxplot for categorical data, collection_season2 vs Helcococcus
2021-12-16 09:02:43 INFO::Creating boxplot for categorical data, collection_season2 vs Alloprevotella
2021-12-16 09:02:44 INFO::Creating boxplot for categorical data, collection_season2 vs Porphyromonas
2021-12-16 09:02:44 INFO::Creating boxplot for categorical data, collection_season2 vs Moraxella
2021-12-16 09:02:44 INFO::Creating boxplot for categorical data, collection_season2 vs Prevotella
2021-12-16 09:02:46 INFO::Plotting data for metadata number 2, age_days_numeric
2021-12-16 09:02:46 INFO::Creating scatter plot for continuous data, age_days_numeric vs Helcococcus
2021-12-16 09:02:46 DEBUG::`geom_smooth()` using formula 'y ~ x'
2021-12-16 09:02:46 INFO::Creating scatter plot for continuous data, age_days_numeric vs ASV_22
2021-12-16 09:02:46 DEBUG::`geom_smooth()` using formula 'y ~ x'
2021-12-16 09:02:46 INFO::Creating scatter plot for continuous data, age_days_numeric vs Prevotella
2021-12-16 09:02:46 DEBUG::`geom_smooth()` using formula 'y ~ x'
2021-12-16 09:02:46 INFO::Creating scatter plot for continuous data, age_days_numeric vs Corynebacterium
2021-12-16 09:02:46 DEBUG::`geom_smooth()` using formula 'y ~ x'
2021-12-16 09:02:46 INFO::Creating scatter plot for continuous data, age_days_numeric vs ASV_35
2021-12-16 09:02:46 DEBUG::`geom_smooth()` using formula 'y ~ x'
2021-12-16 09:02:46 INFO::Creating scatter plot for continuous data, age_days_numeric vs Streptobacillus
2021-12-16 09:02:47 DEBUG::`geom_smooth()` using formula 'y ~ x'
2021-12-16 09:02:47 INFO::Creating scatter plot for continuous data, age_days_numeric vs Haemophilus
2021-12-16 09:02:47 DEBUG::`geom_smooth()` using formula 'y ~ x'
